<?xml version="1.0" encoding="UTF-8"?>
<testng-results skipped="0" failed="0" ignored="0" total="1" passed="1">
  <reporter-output>
  </reporter-output>
  <suite name="Default suite" duration-ms="7231" started-at="2022-10-27T15:41:30 IST" finished-at="2022-10-27T15:41:37 IST">
    <groups>
    </groups>
    <test name="Default test" duration-ms="7231" started-at="2022-10-27T15:41:30 IST" finished-at="2022-10-27T15:41:37 IST">
      <class name="topic_8_Module3_RobotClass.ClickEnterExample">
        <test-method status="PASS" signature="f()[pri:0, instance:topic_8_Module3_RobotClass.ClickEnterExample@646d64ab]" name="f" duration-ms="7190" started-at="2022-10-27T15:41:30 IST" finished-at="2022-10-27T15:41:37 IST">
          <reporter-output>
          </reporter-output>
        </test-method> <!-- f -->
      </class> <!-- topic_8_Module3_RobotClass.ClickEnterExample -->
    </test> <!-- Default test -->
  </suite> <!-- Default suite -->
</testng-results>
